<?xml version="1.0" encoding="UTF-8"?>
<coverage generated="1601325286024" clover="3.2.0">
  <project timestamp="1601325286024" name="All files">
    <metrics statements="13" coveredstatements="10" conditionals="0" coveredconditionals="0" methods="6" coveredmethods="2" elements="19" coveredelements="12" complexity="0" loc="13" ncloc="13" packages="1" files="2" classes="2"/>
    <file name="arrays.js" path="/home/mari/Escritorio/AVANZADA/Repositorios/Programacion-Avanzada/PruebasUnitarias/src/arrays.js">
      <metrics statements="4" coveredstatements="4" conditionals="0" coveredconditionals="0" methods="2" coveredmethods="1"/>
      <line num="1" count="1" type="stmt"/>
      <line num="2" count="1" type="stmt"/>
      <line num="4" count="2" type="stmt"/>
      <line num="5" count="1" type="stmt"/>
    </file>
    <file name="math.js" path="/home/mari/Escritorio/AVANZADA/Repositorios/Programacion-Avanzada/PruebasUnitarias/src/math.js">
      <metrics statements="9" coveredstatements="6" conditionals="0" coveredconditionals="0" methods="4" coveredmethods="1"/>
      <line num="1" count="1" type="stmt"/>
      <line num="2" count="1" type="stmt"/>
      <line num="5" count="1" type="stmt"/>
      <line num="6" count="0" type="stmt"/>
      <line num="9" count="1" type="stmt"/>
      <line num="10" count="0" type="stmt"/>
      <line num="13" count="1" type="stmt"/>
      <line num="14" count="0" type="stmt"/>
      <line num="17" count="1" type="stmt"/>
    </file>
  </project>
</coverage>
